<?xml version="1.0" encoding="UTF-8"?>
<testng-results skipped="0" failed="0" ignored="0" total="1" passed="1">
  <reporter-output>
  </reporter-output>
  <suite name="Test Suite" duration-ms="33228" started-at="2022-06-09T12:08:58 PET" finished-at="2022-06-09T12:09:32 PET">
    <groups>
      <group name="cucumber">
        <method signature="AbstractTestNGCucumberTests.runScenario(io.cucumber.testng.PickleWrapper, io.cucumber.testng.FeatureWrapper)[pri:0, instance:com.rimac.TestRunner@578486a3]" name="runScenario" class="io.cucumber.testng.AbstractTestNGCucumberTests"/>
      </group> <!-- cucumber -->
    </groups>
    <test name="Regression Tests" duration-ms="33228" started-at="2022-06-09T12:08:58 PET" finished-at="2022-06-09T12:09:32 PET">
      <class name="com.rimac.TestRunner">
        <test-method status="PASS" signature="setUpClass()[pri:0, instance:com.rimac.TestRunner@578486a3]" name="setUpClass" is-config="true" duration-ms="793" started-at="2022-06-09T12:08:58 PET" finished-at="2022-06-09T12:08:59 PET">
          <reporter-output>
          </reporter-output>
        </test-method> <!-- setUpClass -->
        <test-method status="PASS" signature="runScenario(io.cucumber.testng.PickleWrapper, io.cucumber.testng.FeatureWrapper)[pri:0, instance:com.rimac.TestRunner@578486a3]" name="runScenario" duration-ms="32271" started-at="2022-06-09T12:08:59 PET" description="Runs Cucumber Scenarios" data-provider="scenarios" finished-at="2022-06-09T12:09:31 PET">
          <params>
            <param index="0">
              <value>
                <![CDATA["Flow 1 - Shoe price comparison"]]>
              </value>
            </param>
            <param index="1">
              <value>
                <![CDATA["Optional[Rimac Seguros - Reto Tecnico]"]]>
              </value>
            </param>
          </params>
          <reporter-output>
          </reporter-output>
        </test-method> <!-- runScenario -->
        <test-method status="PASS" signature="tearDownClass()[pri:0, instance:com.rimac.TestRunner@578486a3]" name="tearDownClass" is-config="true" duration-ms="134" started-at="2022-06-09T12:09:31 PET" finished-at="2022-06-09T12:09:32 PET">
          <reporter-output>
          </reporter-output>
        </test-method> <!-- tearDownClass -->
      </class> <!-- com.rimac.TestRunner -->
    </test> <!-- Regression Tests -->
  </suite> <!-- Test Suite -->
</testng-results>
