<?xml version="1.0" encoding="UTF-8"?>
<testsuite xmlns:xsi="http://www.w3.org/2001/XMLSchema-instance" xsi:noNamespaceSchemaLocation="https://maven.apache.org/surefire/maven-surefire-plugin/xsd/surefire-test-report-3.0.xsd" version="3.0" name="TestSuite" time="43.605" tests="1" errors="0" skipped="0" failures="0">
  <properties>
[...]
</properties>
  <testcase name="runScenario[&quot;Flow 1 - Shoe price comparison&quot;, &quot;Optional[Rimac Seguros - Reto Tecnico]&quot;](1)" classname="com.rimac.TestRunner" time="32.28">
    <system-out><![CDATA[
@challenge
Scenario: Flow 1 - Shoe price comparison    &amp#27;[90m# src/test/resources/features/Ebay.feature:8&amp#27;[0m
  &amp#27;[32mGiven &amp#27;[0m&amp#27;[32mI access the ebay website&amp#27;[0m           &amp#27;[90m# com.rimac.StepDefinitions.EbaySteps.i_access_the_ebay_website()&amp#27;[0m
  &amp#27;[32mWhen &amp#27;[0m&amp#27;[32mI find sneaker &amp#27;[0m&amp#27;[32m&amp#27;[1m"zapatilla deportiva"&amp#27;[0m &amp#27;[90m# com.rimac.StepDefinitions.EbaySteps.i_find_sneaker(java.lang.String)&amp#27;[0m
93,28 EUR
57,67 EUR
  &amp#27;[32mAnd &amp#27;[0m&amp#27;[32mI filter by &amp#27;[0m&amp#27;[32m&amp#27;[1mBlanco&amp#27;[0m&amp#27;[32m and &amp#27;[0m&amp#27;[32m&amp#27;[1mRojo&amp#27;[0m&amp#27;[32m color&amp#27;[0m     &amp#27;[90m# com.rimac.StepDefinitions.EbaySteps.i_filter_by_blanco_and_rojo_color(java.lang.String,java.lang.String)&amp#27;[0m
]]></system-out>
    <system-err><![CDATA[Starting ChromeDriver 102.0.5005.61 (0e59bcc00cc4985ce39ad31c150065f159d95ad3-refs/branch-heads/5005@{#819}) on port 9895
Only local connections are allowed.
Please see https://chromedriver.chromium.org/security-considerations for suggestions on keeping ChromeDriver safe.
ChromeDriver was started successfully.
jun 09, 2022 12:09:01 PM org.openqa.selenium.remote.ProtocolHandshake createSession
INFORMACI?N: Detected dialect: W3C
]]></system-err>
  </testcase>
</testsuite>