<?xml version="1.0" encoding="UTF-8"?>
<!-- Generated by org.testng.reporters.JUnitXMLReporter -->
<testsuite hostname="Miguels-iMac.local" ignored="0" name="Regression Tests" tests="2" failures="0" timestamp="2022-06-10T00:22:56 PET" time="51.776" errors="0">
  <testcase name="runScenario" time="32.809" classname="io.cucumber.testng.AbstractTestNGCucumberTests"/>
  <testcase name="runScenario" time="18.38" classname="io.cucumber.testng.AbstractTestNGCucumberTests"/>
</testsuite> <!-- Regression Tests -->
